
2025-06-17 10:48:28

https://mirrors.aliyun.com/pypi/simple

任务完成，用时: 1.0678004s

2025-06-17 10:48:29

https://registry.npmmirror.com

任务完成，用时: 444.6392ms

2025-06-17 10:48:30

https://mirrors.aliyun.com/pypi/simple

任务完成，用时: 655.4435ms

2025-06-17 10:48:31

https://registry.npmmirror.com

任务完成，用时: 380.0812ms

2025-06-17 10:49:50

https://mirrors.aliyun.com/pypi/simple

任务完成，用时: 737.6373ms

2025-06-17 10:49:50

https://registry.npmmirror.com

任务完成，用时: 397.3556ms

2025-06-17 10:50:29

https://mirrors.aliyun.com/pypi/simple

任务完成，用时: 615.2293ms

2025-06-17 10:50:30

https://registry.npmmirror.com

任务完成，用时: 439.2599ms

2025-06-17 10:50:44

https://mirrors.aliyun.com/pypi/simple

任务完成，用时: 640.1582ms

2025-06-17 10:50:45

https://registry.npmmirror.com

任务完成，用时: 368.4881ms
